You cannot stack that item.
You cannot stack that item.
You cannot stack that item.
You cannot stack that item.
You cannot stack that item.
You cannot stack that item.
You cannot stack that item.
You cannot stack that item.
You cannot stack that item.
You cannot stack that item.
You cannot stack that item.
You cannot stack that item.
You cannot stack that item.
You cannot stack that item.
You cannot stack that item.
You cannot stack that item.
You cannot stack that item.
You cannot stack that item.
You cannot stack that item.
You cannot stack that item.
You cannot stack that item.
You cannot stack that item.
You cannot stack that item.
You cannot stack that item.
You cannot stack that item.
You cannot stack that item.
You cannot stack that item.
You cannot stack that item.
You cannot stack that item.
You cannot stack that item.
You cannot stack that item.
You cannot stack that item.
You cannot stack that item.
You cannot stack that item.
You cannot stack that item.
You cannot stack that item.
You cannot stack that item.
You cannot stack that item.
You cannot stack that item.
You cannot stack that item.
You cannot stack that item.
You cannot stack that item.
You cannot stack that item.
You cannot stack that item.
You cannot stack that item.
You cannot stack that item.
You cannot stack that item.
You cannot stack that item.
You cannot stack that item.
You cannot stack that item.
You cannot stack that item.
You cannot stack that item.
You cannot stack that item.
You cannot stack that item.
You cannot stack that item.
You cannot stack that item.
You cannot stack that item.
You cannot stack that item.
You cannot stack that item.
You cannot stack that item.
You cannot stack that item.
You cannot stack that item.
You cannot stack that item.
You cannot stack that item.
You cannot stack that item.
You cannot stack that item.
You cannot stack that item.
You cannot stack that item.
You cannot stack that item.
You cannot stack that item.
You cannot stack that item.
You cannot stack that item.
You cannot stack that item.
You cannot stack that item.
You cannot stack that item.
You cannot stack that item.
You cannot stack that item.
You cannot stack that item.
You cannot stack that item.
You cannot stack that item.
You cannot stack that item.
You cannot stack that item.
You cannot stack that item.
You cannot stack that item.
You cannot stack that item.
You cannot stack that item.
You cannot stack that item.
You cannot stack that item.
You cannot stack that item.
You cannot stack that item.
You cannot stack that item.
You cannot stack that item.
You cannot stack that item.
You cannot stack that item.
You cannot stack that item.
You cannot stack that item.
You cannot stack that item.
You cannot stack that item.
You cannot stack that item.
You cannot stack that item.
You cannot stack that item.
You cannot stack that item.
You cannot stack that item.
You cannot stack that item.
You cannot stack that item.
These are not the same item, you cannot put the item in this slot.
These are not the same item, you cannot put the item in this slot.
These are not the same item, you cannot put the item in this slot.
These are not the same item, you cannot put the item in this slot.
These are not the same item, you cannot put the item in this slot.
These are not the same item, you cannot put the item in this slot.
These are not the same item, you cannot put the item in this slot.
These are not the same item, you cannot put the item in this slot.
These are not the same item, you cannot put the item in this slot.
These are not the same item, you cannot put the item in this slot.
These are not the same item, you cannot put the item in this slot.
These are not the same item, you cannot put the item in this slot.
These are not the same item, you cannot put the item in this slot.
These are not the same item, you cannot put the item in this slot.
These are not the same item, you cannot put the item in this slot.
These are not the same item, you cannot put the item in this slot.
These are not the same item, you cannot put the item in this slot.
These are not the same item, you cannot put the item in this slot.
These are not the same item, you cannot put the item in this slot.
These are not the same item, you cannot put the item in this slot.
These are not the same item, you cannot put the item in this slot.
These are not the same item, you cannot put the item in this slot.
These are not the same item, you cannot put the item in this slot.
These are not the same item, you cannot put the item in this slot.
These are not the same item, you cannot put the item in this slot.
These are not the same item, you cannot put the item in this slot.
These are not the same item, you cannot put the item in this slot.
These are not the same item, you cannot put the item in this slot.
These are not the same item, you cannot put the item in this slot.
These are not the same item, you cannot put the item in this slot.
These are not the same item, you cannot put the item in this slot.
These are not the same item, you cannot put the item in this slot.
These are not the same item, you cannot put the item in this slot.
These are not the same item, you cannot put the item in this slot.
These are not the same item, you cannot put the item in this slot.
These are not the same item, you cannot put the item in this slot.
These are not the same item, you cannot put the item in this slot.
These are not the same item, you cannot put the item in this slot.
These are not the same item, you cannot put the item in this slot.
These are not the same item, you cannot put the item in this slot.
These are not the same item, you cannot put the item in this slot.
These are not the same item, you cannot put the item in this slot.
These are not the same item, you cannot put the item in this slot.
These are not the same item, you cannot put the item in this slot.
These are not the same item, you cannot put the item in this slot.
These are not the same item, you cannot put the item in this slot.
These are not the same item, you cannot put the item in this slot.
These are not the same item, you cannot put the item in this slot.
These are not the same item, you cannot put the item in this slot.
These are not the same item, you cannot put the item in this slot.
These are not the same item, you cannot put the item in this slot.
These are not the same item, you cannot put the item in this slot.
These are not the same item, you cannot put the item in this slot.
These are not the same item, you cannot put the item in this slot.
These are not the same item, you cannot put the item in this slot.
These are not the same item, you cannot put the item in this slot.
These are not the same item, you cannot put the item in this slot.
These are not the same item, you cannot put the item in this slot.
These are not the same item, you cannot put the item in this slot.
These are not the same item, you cannot put the item in this slot.
These are not the same item, you cannot put the item in this slot.
These are not the same item, you cannot put the item in this slot.
These are not the same item, you cannot put the item in this slot.
These are not the same item, you cannot put the item in this slot.
These are not the same item, you cannot put the item in this slot.
These are not the same item, you cannot put the item in this slot.
These are not the same item, you cannot put the item in this slot.
These are not the same item, you cannot put the item in this slot.
These are not the same item, you cannot put the item in this slot.
These are not the same item, you cannot put the item in this slot.
These are not the same item, you cannot put the item in this slot.
These are not the same item, you cannot put the item in this slot.
These are not the same item, you cannot put the item in this slot.
These are not the same item, you cannot put the item in this slot.
These are not the same item, you cannot put the item in this slot.
These are not the same item, you cannot put the item in this slot.
These are not the same item, you cannot put the item in this slot.
These are not the same item, you cannot put the item in this slot.
These are not the same item, you cannot put the item in this slot.
These are not the same item, you cannot put the item in this slot.
These are not the same item, you cannot put the item in this slot.
These are not the same item, you cannot put the item in this slot.
These are not the same item, you cannot put the item in this slot.
These are not the same item, you cannot put the item in this slot.
These are not the same item, you cannot put the item in this slot.
These are not the same item, you cannot put the item in this slot.
These are not the same item, you cannot put the item in this slot.
These are not the same item, you cannot put the item in this slot.
These are not the same item, you cannot put the item in this slot.
These are not the same item, you cannot put the item in this slot.
These are not the same item, you cannot put the item in this slot.
These are not the same item, you cannot put the item in this slot.
These are not the same item, you cannot put the item in this slot.
These are not the same item, you cannot put the item in this slot.
These are not the same item, you cannot put the item in this slot.
These are not the same item, you cannot put the item in this slot.
World size: 54KB
Sanity: 30
Sanity: 40
Sanity: 50
Sanity: 60
Sanity: 70
Sanity: 80
Sanity: 90
Sanity: 100
Sanity: 100
Sanity: 100
You cannot stack this item.
